     1                                  ; hello.asm a first program fo nasm for linux, gcc
     2                                  ;
     3                                  ;run:               hello
     4                                  ;output is:        Hellow Biches
     5                                  
     6                                      SECTION .data ; data section
     7 00000000 48656C6C6F20426963-     msg: db "Hello Biches",10 ;the string to print, 10=cr
     8 00000009 6865730A           
     9                                  
    10                                                ;    len is a value, not an address
    11                                     SECTION .text
    12                                  
    13                                     global _start
    14                                  
    15                                  ;Program entry point
    16                                     _start:
    17 00000000 BA0D000000                 mov edx,13      ; arg3
    18 00000005 B9[00000000]               mov ecx,msg     ; arg2,pointer to string
    19 0000000A BB01000000                 mov ebx,1       ; arg1, where to write , screen
    20 0000000F B804000000                 mov eax,4       ; write sysout command to int 80 hex
    21 00000014 CD80                       int 0x80
    22                                  
    23 00000016 BB00000000                 mov ebx, 0      ; exit code, 0=normal
    24 0000001B B801000000                 mov eax,1       ; exit command to kernel
    25 00000020 CD80                       int 0x80        ; interrupt 80hex, call kermel
